<xml>
    <ToUserName><![CDATA[gh_b479601fa68c]]></ToUserName>
    <Encrypt><![CDATA[hy9GQLFbFApqXjCeEsWlFCq3FhPJiCK0HX9092zd/wyH0sJ3pgszFiB67V4iy+tN5og88L7bIkjTKYiCQseDfEibJZSGGVFFD05Tx0M4WCIkiBJ+BCUf/vsrRIvNA353Pi7yxIflLGUps1BQJIwGanelfbuOgUm0aRLuQ65YoB4feGm3BeI0lc2njV434GEHNsnwmUIMxmnQE9vmRo0pNco2oDA5XO5rQVX8CnJ+KIGNiQOqK4CwUAEy2Wib70CqKQvcuVogs9Db+7oEybMc0IeqA/3CxkimvtbFRK2EOXLB6RX04o//WN6rwyeXSaWvx/VYPNR1FfbhWVZuBE496oj4yz/BPUrzSEJzIIp8pRevpcwVdWQfD2x4OALbt2kPXA9r2Tv5RpQbQYpSoAhW1imj6ErqhhZgiODryTK9ToybgJv84g+ux6ORfHUBvi+ELr/TTRbBAKjGCvKZyCtjkA==]]></Encrypt>
</xml>
09:08:57: {"errcode":61005,"errmsg":"component ticket is expired rid: 5f49aaa9-7a90bd10-06811b5a"}
09:08:57: {"errcode":61005,"errmsg":"component ticket is expired rid: 5f49aaa9-6118446f-4944578d"}
09:08:58: {"errcode":61005,"errmsg":"component ticket is expired rid: 5f49aaa9-3531ea6e-5f45ef57"}
09:08:58: {"errcode":61005,"errmsg":"component ticket is expired rid: 5f49aaaa-1755a3ad-40d5e2a4"}
09:08:58: {"errcode":61005,"errmsg":"component ticket is expired rid: 5f49aaaa-1db24966-4ef6212a"}
10:21:05: {"errcode":61005,"errmsg":"component ticket is expired rid: 5f544791-122cc382-3e18c7b6"}
10:21:05: {"errcode":61005,"errmsg":"component ticket is expired rid: 5f544791-0faedd38-5a54451b"}
10:21:05: {"errcode":61005,"errmsg":"component ticket is expired rid: 5f544791-1fcf662a-3e156b78"}
10:21:06: {"errcode":61005,"errmsg":"component ticket is expired rid: 5f544791-0c9b2e2a-00bf93a2"}
10:21:06: {"errcode":61005,"errmsg":"component ticket is expired rid: 5f544792-003b3108-5b76d8b9"}
10:21:12: {"errcode":61005,"errmsg":"component ticket is expired rid: 5f544797-17575fdb-3677d5ee"}
10:21:14: {"errcode":61005,"errmsg":"component ticket is expired rid: 5f54479a-0d4900a9-36dea20a"}
10:21:14: {"errcode":61005,"errmsg":"component ticket is expired rid: 5f54479a-6b60da27-59e97c2a"}
10:21:32: {"errcode":61005,"errmsg":"component ticket is expired rid: 5f5447ac-754cdec3-4866c677"}
10:21:33: {"errcode":61005,"errmsg":"component ticket is expired rid: 5f5447ac-47caf48b-7361882f"}
10:21:33: {"errcode":61005,"errmsg":"component ticket is expired rid: 5f5447ad-177f82ed-0856b54b"}
10:21:33: {"errcode":61005,"errmsg":"component ticket is expired rid: 5f5447ad-1e4861a0-25df2e85"}
10:21:33: {"errcode":61005,"errmsg":"component ticket is expired rid: 5f5447ad-619d439c-1aca9a29"}
10:22:00: {"errcode":61005,"errmsg":"component ticket is expired rid: 5f5447c8-339d6ddc-44b5d6cb"}
10:22:00: {"errcode":61005,"errmsg":"component ticket is expired rid: 5f5447c8-030fc302-5bc86fde"}
10:22:00: {"errcode":61005,"errmsg":"component ticket is expired rid: 5f5447c8-578b2f6b-2f3de333"}
10:22:01: {"errcode":61005,"errmsg":"component ticket is expired rid: 5f5447c8-52935643-5fa7648e"}
10:22:01: {"errcode":61005,"errmsg":"component ticket is expired rid: 5f5447c9-779aee5c-594df895"}
10:22:13: {"errcode":61005,"errmsg":"component ticket is expired rid: 5f5447d5-3bdd3ae0-46756556"}
10:22:18: {"errcode":61005,"errmsg":"component ticket is expired rid: 5f5447da-716418ec-2551c977"}
10:22:28: {"errcode":61005,"errmsg":"component ticket is expired rid: 5f5447e4-31c7fe97-72f3bd6c"}
10:24:09: {"errcode":61005,"errmsg":"component ticket is expired rid: 5f544848-262ff767-0f3255e4"}
10:24:09: {"errcode":61005,"errmsg":"component ticket is expired rid: 5f544849-7c183eff-3d74a00e"}
10:24:09: {"errcode":61005,"errmsg":"component ticket is expired rid: 5f544849-37bf9cc0-31e6c379"}
10:24:09: {"errcode":61005,"errmsg":"component ticket is expired rid: 5f544849-05562d32-56587d8f"}
10:24:09: {"errcode":61005,"errmsg":"component ticket is expired rid: 5f544849-5a9ceec9-3c6e7188"}
10:33:32: {"errcode":61005,"errmsg":"component ticket is expired rid: 5f544a7c-12be7d63-485e89bc"}
10:33:32: {"errcode":61005,"errmsg":"component ticket is expired rid: 5f544a7c-0137771b-073a4551"}
10:33:32: {"errcode":61005,"errmsg":"component ticket is expired rid: 5f544a7c-529f7536-17a605ae"}
10:33:32: {"errcode":61005,"errmsg":"component ticket is expired rid: 5f544a7c-64dcd9b3-4aa8bf45"}
10:33:33: {"errcode":61005,"errmsg":"component ticket is expired rid: 5f544a7c-1b80402a-59dbda10"}
18:33:35: {"errcode":61005,"errmsg":"component ticket is expired rid: 5f54baff-7578a459-7724cc44"}
18:33:35: {"errcode":61005,"errmsg":"component ticket is expired rid: 5f54baff-52f77b07-2575ca1e"}
18:33:35: {"errcode":61005,"errmsg":"component ticket is expired rid: 5f54baff-3da2e14f-4c3ce7af"}
18:33:35: {"errcode":61005,"errmsg":"component ticket is expired rid: 5f54baff-79dffc31-6688089f"}
18:33:36: {"errcode":61005,"errmsg":"component ticket is expired rid: 5f54bb00-6c99d5aa-1e565a81"}
18:33:49: {"errcode":61005,"errmsg":"component ticket is expired rid: 5f54bb0d-0ceb7a23-1746f836"}
18:33:49: {"errcode":61005,"errmsg":"component ticket is expired rid: 5f54bb0d-7e567e1c-26c75bc1"}
18:34:27: {"errcode":61005,"errmsg":"component ticket is expired rid: 5f54bb33-15c18224-61163593"}
18:34:27: {"errcode":61005,"errmsg":"component ticket is expired rid: 5f54bb33-44a8b660-38c79827"}
18:34:27: {"errcode":61005,"errmsg":"component ticket is expired rid: 5f54bb33-12d20dfd-33be1865"}
18:34:27: {"errcode":61005,"errmsg":"component ticket is expired rid: 5f54bb33-6d5c87a6-6a5a2204"}
18:34:28: {"errcode":61005,"errmsg":"component ticket is expired rid: 5f54bb33-61d6e57c-0153e409"}
18:34:28: {"errcode":61005,"errmsg":"component ticket is expired rid: 5f54bb34-5c2b892f-296d52d0"}
18:34:28: {"errcode":61005,"errmsg":"component ticket is expired rid: 5f54bb34-7b8d0f2f-115ebc39"}
18:34:28: {"errcode":61005,"errmsg":"component ticket is expired rid: 5f54bb34-0e4dea0c-0831fcb6"}
18:34:29: {"errcode":61005,"errmsg":"component ticket is expired rid: 5f54bb34-54791628-1c9d0812"}
18:34:29: {"errcode":61005,"errmsg":"component ticket is expired rid: 5f54bb35-68f29417-135e2899"}
18:34:40: {"errcode":61005,"errmsg":"component ticket is expired rid: 5f54bb3f-5a162cea-0badfb01"}
18:34:40: {"errcode":61005,"errmsg":"component ticket is expired rid: 5f54bb40-74022156-66888453"}
18:34:40: {"errcode":61005,"errmsg":"component ticket is expired rid: 5f54bb40-617023a3-256dfe7d"}
18:34:40: {"errcode":61005,"errmsg":"component ticket is expired rid: 5f54bb40-301d8c64-6ae643ea"}
18:34:40: {"errcode":61005,"errmsg":"component ticket is expired rid: 5f54bb40-1dea3e46-0df4a949"}
18:34:42: {"errcode":61005,"errmsg":"component ticket is expired rid: 5f54bb42-68bbdcee-355b98a1"}
18:34:42: {"errcode":61005,"errmsg":"component ticket is expired rid: 5f54bb42-378022e9-435ba962"}
18:34:42: {"errcode":61005,"errmsg":"component ticket is expired rid: 5f54bb42-42682651-4c1d0413"}
18:34:43: {"errcode":61005,"errmsg":"component ticket is expired rid: 5f54bb42-79334584-3b3acbf6"}
18:34:43: {"errcode":61005,"errmsg":"component ticket is expired rid: 5f54bb43-70d7c29f-4f3ab399"}
18:34:45: {"errcode":61005,"errmsg":"component ticket is expired rid: 5f54bb45-195d12f3-60da1da3"}
18:34:47: {"errcode":61005,"errmsg":"component ticket is expired rid: 5f54bb47-099d8137-5ba01898"}
18:34:47: {"errcode":61005,"errmsg":"component ticket is expired rid: 5f54bb47-21d5f49d-012b9a5b"}
18:34:47: {"errcode":61005,"errmsg":"component ticket is expired rid: 5f54bb47-0e3570b8-418b9347"}
18:34:51: {"errcode":61005,"errmsg":"component ticket is expired rid: 5f54bb4b-51e401c6-3b540811"}
18:34:54: {"errcode":61005,"errmsg":"component ticket is expired rid: 5f54bb4e-1a6898bf-69ea9f7a"}
18:34:54: {"errcode":61005,"errmsg":"component ticket is expired rid: 5f54bb4e-31f2680e-391d1fdc"}
